<?xml version="1.0" encoding="UTF-8"?>
<!-- Generated by org.testng.reporters.JUnitReportReporter -->
<testsuite hostname="Taras-PC" failures="0" tests="1" name="com.epam.lab.github.tests.TestGitHub" time="15.411" errors="0" timestamp="28 трав. 2018 19:28:56 GMT" skipped="0">
  <testcase classname="com.epam.lab.github.tests.TestGitHub" name="findAndVerifyTagTets" time="15.411"/>
</testsuite> <!-- com.epam.lab.github.tests.TestGitHub -->
