<?xml version="1.0" encoding="UTF-8"?>
<!-- Generated by org.testng.reporters.JUnitReportReporter -->
<testsuite hostname="Taras-PC" failures="0" tests="2" name="com.epam.lab.github.tests.TestGitHub" time="70.779" errors="0" timestamp="28 трав. 2018 23:36:36 GMT" skipped="0">
  <testcase classname="com.epam.lab.github.tests.TestGitHub" name="findAndVerifyTagTets" time="35.383"/>
  <testcase classname="com.epam.lab.github.tests.TestGitHub" name="findAndVerifyTagTets" time="35.396"/>
</testsuite> <!-- com.epam.lab.github.tests.TestGitHub -->
