<?xml version="1.0" encoding="UTF-8"?>
<!-- Generated by org.testng.reporters.JUnitReportReporter -->
<testsuite hostname="Taras-PC" failures="0" tests="1" name="com.epam.lab.gmail.tests.TestGmail" time="44.500" errors="0" timestamp="28 трав. 2018 19:28:56 GMT" skipped="0">
  <testcase classname="com.epam.lab.gmail.tests.TestGmail" name="createAndSendMessage" time="44.500"/>
</testsuite> <!-- com.epam.lab.gmail.tests.TestGmail -->
