<?xml version="1.0" encoding="UTF-8"?>
<!-- Generated by org.testng.reporters.JUnitReportReporter -->
<testsuite hostname="Taras-PC" failures="0" tests="2" name="com.epam.lab.gmail.tests.TestGmail" time="126.769" errors="0" timestamp="28 трав. 2018 23:36:36 GMT" skipped="0">
  <testcase classname="com.epam.lab.gmail.tests.TestGmail" name="createAndSendMessage" time="63.819"/>
  <testcase classname="com.epam.lab.gmail.tests.TestGmail" name="createAndSendMessage" time="62.950"/>
</testsuite> <!-- com.epam.lab.gmail.tests.TestGmail -->
