<?xml version="1.0" encoding="UTF-8"?>
<!-- Generated by org.testng.reporters.JUnitReportReporter -->
<testsuite hostname="Taras-PC" failures="0" tests="1" name="com.epam.lab.github.tests.TestGitHub" time="14.900" errors="0" timestamp="23 May 2018 08:08:13 GMT">
  <testcase classname="com.epam.lab.github.tests.TestGitHub" name="findAndVerifyTagTets" time="14.900"/>
</testsuite> <!-- com.epam.lab.github.tests.TestGitHub -->
